{"event_type": "AUTH_FAILURE", "severity": "LOW", "user_id": 1, "company_id": null, "timestamp": "2025-11-03T18:32:10.377519", "details": {"reason": "invalid_password"}, "ip_address": null, "user_agent": null}
{"event_type": "AUTH_FAILURE", "severity": "LOW", "user_id": 1, "company_id": null, "timestamp": "2025-11-03T18:32:11.704512", "details": {"attempt": 1}, "ip_address": null, "user_agent": null}
{"event_type": "AUTH_FAILURE", "severity": "LOW", "user_id": 1, "company_id": null, "timestamp": "2025-11-03T18:32:11.713559", "details": {"attempt": 2}, "ip_address": null, "user_agent": null}
{"event_type": "AUTH_FAILURE", "severity": "LOW", "user_id": 1, "company_id": null, "timestamp": "2025-11-03T18:32:11.719135", "details": {"attempt": 3}, "ip_address": null, "user_agent": null}
{"event_type": "AUTH_FAILURE", "severity": "LOW", "user_id": 1, "company_id": null, "timestamp": "2025-11-03T18:32:11.727512", "details": {"attempt": 4}, "ip_address": null, "user_agent": null}
{"event_type": "AUTH_FAILURE", "severity": "LOW", "user_id": 1, "company_id": null, "timestamp": "2025-11-03T18:32:11.733745", "details": {"attempt": 5}, "ip_address": null, "user_agent": null}
{"event_type": "LOCKOUT", "severity": "MEDIUM", "user_id": 1, "company_id": null, "timestamp": "2025-11-03T18:32:13.103189", "details": {"reason": "Test lockout", "locked_until": "2025-11-03T18:47:13.097325"}, "ip_address": null, "user_agent": null}
{"event_type": "LOCKOUT", "severity": "LOW", "user_id": 1, "company_id": null, "timestamp": "2025-11-03T18:32:13.117284", "details": {"action": "unlocked", "unlocked_by": 2}, "ip_address": null, "user_agent": null}
{"event_type": "LOCKOUT", "severity": "MEDIUM", "user_id": 1, "company_id": null, "timestamp": "2025-11-03T18:32:14.319981", "details": {"reason": "Test lockout", "locked_until": "2025-11-03T18:32:14.314137"}, "ip_address": null, "user_agent": null}
{"event_type": "ADMIN_IMPERSONATION", "severity": "HIGH", "user_id": 1, "company_id": null, "timestamp": "2025-11-03T18:32:15.578469", "details": {"target_user_id": 2, "action": "attempted_impersonation"}, "ip_address": null, "user_agent": null}
{"event_type": "CROSS_ORG_ACCESS", "severity": "MEDIUM", "user_id": 1, "company_id": 999, "timestamp": "2025-11-03T18:32:17.366942", "details": {"action": "view_company_data", "resource": "sensitive_data"}, "ip_address": null, "user_agent": null}
{"event_type": "ROLE_ATTEMPT", "severity": "MEDIUM", "user_id": 1, "company_id": null, "timestamp": "2025-11-03T18:32:18.108950", "details": {"target_user_id": 1, "attempted_role": "EMPLOYEE", "action": "downgrade_superadmin"}, "ip_address": null, "user_agent": null}
{"event_type": "AUTH_FAILURE", "severity": "HIGH", "user_id": 1, "company_id": null, "timestamp": "2025-11-03T18:32:18.899415", "details": {}, "ip_address": null, "user_agent": null}
{"event_type": "CROSS_ORG_ACCESS", "severity": "MEDIUM", "user_id": 1, "company_id": null, "timestamp": "2025-11-03T18:32:18.904109", "details": {}, "ip_address": null, "user_agent": null}
{"event_type": "AUTH_FAILURE", "severity": "LOW", "user_id": 1, "company_id": null, "timestamp": "2025-11-03T18:32:19.792647", "details": {}, "ip_address": null, "user_agent": null}
{"event_type": "AUTH_FAILURE", "severity": "LOW", "user_id": 1, "company_id": null, "timestamp": "2025-11-03T18:32:19.802301", "details": {}, "ip_address": null, "user_agent": null}
{"event_type": "AUTH_FAILURE", "severity": "LOW", "user_id": 1, "company_id": null, "timestamp": "2025-11-03T18:32:19.807349", "details": {}, "ip_address": null, "user_agent": null}
{"event_type": "AUTH_FAILURE", "severity": "LOW", "user_id": 1, "company_id": null, "timestamp": "2025-11-03T18:32:19.816521", "details": {}, "ip_address": null, "user_agent": null}
{"event_type": "AUTH_FAILURE", "severity": "LOW", "user_id": 1, "company_id": null, "timestamp": "2025-11-03T18:32:19.822051", "details": {}, "ip_address": null, "user_agent": null}
{"event_type": "CROSS_ORG_ACCESS", "severity": "MEDIUM", "user_id": 1, "company_id": 999, "timestamp": "2025-11-03T18:32:20.919497", "details": {"action": "test_action"}, "ip_address": null, "user_agent": null}
{"event_type": "CROSS_ORG_ACCESS", "severity": "MEDIUM", "user_id": 1, "company_id": 999, "timestamp": "2025-11-03T18:32:20.927768", "details": {"action": "test_action"}, "ip_address": null, "user_agent": null}
{"event_type": "CROSS_ORG_ACCESS", "severity": "MEDIUM", "user_id": 1, "company_id": 999, "timestamp": "2025-11-03T18:32:20.936818", "details": {"action": "test_action"}, "ip_address": null, "user_agent": null}
{"event_type": "AUTH_FAILURE", "severity": "LOW", "user_id": 1, "company_id": null, "timestamp": "2025-11-04T05:02:05.665240", "details": {"attempt": 1}, "ip_address": null, "user_agent": null}
{"event_type": "AUTH_FAILURE", "severity": "LOW", "user_id": 1, "company_id": null, "timestamp": "2025-11-04T05:02:05.812561", "details": {"attempt": 2}, "ip_address": null, "user_agent": null}
{"event_type": "AUTH_FAILURE", "severity": "LOW", "user_id": 1, "company_id": null, "timestamp": "2025-11-04T05:02:05.825497", "details": {"attempt": 3}, "ip_address": null, "user_agent": null}
{"event_type": "AUTH_FAILURE", "severity": "LOW", "user_id": 1, "company_id": null, "timestamp": "2025-11-04T05:02:05.833036", "details": {"attempt": 4}, "ip_address": null, "user_agent": null}
{"event_type": "LOCKOUT", "severity": "MEDIUM", "user_id": 1, "company_id": null, "timestamp": "2025-11-04T05:02:05.862883", "details": {"reason": "Too many failed login attempts (5)", "locked_until": "2025-11-04T05:17:05.849963"}, "ip_address": null, "user_agent": null}
{"event_type": "AUTH_FAILURE", "severity": "HIGH", "user_id": 1, "company_id": null, "timestamp": "2025-11-04T05:02:05.870812", "details": {"attempt": 5}, "ip_address": null, "user_agent": null}
{"event_type": "AUTH_FAILURE", "severity": "LOW", "user_id": 1, "company_id": null, "timestamp": "2025-11-04T05:03:17.995908", "details": {"reason": "invalid_password"}, "ip_address": null, "user_agent": null}
{"event_type": "AUTH_FAILURE", "severity": "LOW", "user_id": 1, "company_id": null, "timestamp": "2025-11-04T05:03:19.154105", "details": {"attempt": 1}, "ip_address": null, "user_agent": null}
{"event_type": "AUTH_FAILURE", "severity": "LOW", "user_id": 1, "company_id": null, "timestamp": "2025-11-04T05:03:19.365475", "details": {"attempt": 2}, "ip_address": null, "user_agent": null}
{"event_type": "AUTH_FAILURE", "severity": "LOW", "user_id": 1, "company_id": null, "timestamp": "2025-11-04T05:03:19.428443", "details": {"attempt": 3}, "ip_address": null, "user_agent": null}
{"event_type": "AUTH_FAILURE", "severity": "LOW", "user_id": 1, "company_id": null, "timestamp": "2025-11-04T05:03:19.531347", "details": {"attempt": 4}, "ip_address": null, "user_agent": null}
{"event_type": "LOCKOUT", "severity": "MEDIUM", "user_id": 1, "company_id": null, "timestamp": "2025-11-04T05:03:19.766844", "details": {"reason": "Too many failed login attempts (5)", "locked_until": "2025-11-04T05:18:19.627417"}, "ip_address": null, "user_agent": null}
{"event_type": "AUTH_FAILURE", "severity": "HIGH", "user_id": 1, "company_id": null, "timestamp": "2025-11-04T05:03:19.781655", "details": {"attempt": 5}, "ip_address": null, "user_agent": null}
{"event_type": "LOCKOUT", "severity": "MEDIUM", "user_id": 1, "company_id": null, "timestamp": "2025-11-04T05:03:22.517828", "details": {"reason": "Test lockout", "locked_until": "2025-11-04T05:18:22.505786"}, "ip_address": null, "user_agent": null}
{"event_type": "LOCKOUT", "severity": "LOW", "user_id": 1, "company_id": null, "timestamp": "2025-11-04T05:03:22.543074", "details": {"action": "unlocked", "unlocked_by": 2}, "ip_address": null, "user_agent": null}
{"event_type": "ADMIN_IMPERSONATION", "severity": "HIGH", "user_id": 1, "company_id": null, "timestamp": "2025-11-04T05:03:24.900315", "details": {"target_user_id": 2, "action": "attempted_impersonation"}, "ip_address": null, "user_agent": null}
{"event_type": "CROSS_ORG_ACCESS", "severity": "MEDIUM", "user_id": 1, "company_id": 999, "timestamp": "2025-11-04T05:03:27.418469", "details": {"action": "view_company_data", "resource": "sensitive_data"}, "ip_address": null, "user_agent": null}
{"event_type": "ROLE_ATTEMPT", "severity": "MEDIUM", "user_id": 1, "company_id": null, "timestamp": "2025-11-04T05:03:28.025860", "details": {"target_user_id": 1, "attempted_role": "EMPLOYEE", "action": "downgrade_superadmin"}, "ip_address": null, "user_agent": null}
{"event_type": "AUTH_FAILURE", "severity": "HIGH", "user_id": 1, "company_id": null, "timestamp": "2025-11-04T05:03:28.937287", "details": {}, "ip_address": null, "user_agent": null}
{"event_type": "CROSS_ORG_ACCESS", "severity": "MEDIUM", "user_id": 1, "company_id": null, "timestamp": "2025-11-04T05:03:28.941828", "details": {}, "ip_address": null, "user_agent": null}
{"event_type": "AUTH_FAILURE", "severity": "LOW", "user_id": 1, "company_id": null, "timestamp": "2025-11-04T05:03:29.611170", "details": {}, "ip_address": null, "user_agent": null}
{"event_type": "AUTH_FAILURE", "severity": "LOW", "user_id": 1, "company_id": null, "timestamp": "2025-11-04T05:03:29.619600", "details": {}, "ip_address": null, "user_agent": null}
{"event_type": "AUTH_FAILURE", "severity": "LOW", "user_id": 1, "company_id": null, "timestamp": "2025-11-04T05:03:29.625030", "details": {}, "ip_address": null, "user_agent": null}
{"event_type": "AUTH_FAILURE", "severity": "LOW", "user_id": 1, "company_id": null, "timestamp": "2025-11-04T05:03:29.637832", "details": {}, "ip_address": null, "user_agent": null}
{"event_type": "LOCKOUT", "severity": "MEDIUM", "user_id": 1, "company_id": null, "timestamp": "2025-11-04T05:03:29.651148", "details": {"reason": "Too many failed login attempts (5)", "locked_until": "2025-11-04T05:18:29.646740"}, "ip_address": null, "user_agent": null}
{"event_type": "AUTH_FAILURE", "severity": "HIGH", "user_id": 1, "company_id": null, "timestamp": "2025-11-04T05:03:29.655223", "details": {}, "ip_address": null, "user_agent": null}
{"event_type": "CROSS_ORG_ACCESS", "severity": "MEDIUM", "user_id": 1, "company_id": 999, "timestamp": "2025-11-04T05:03:30.265051", "details": {"action": "test_action"}, "ip_address": null, "user_agent": null}
{"event_type": "CROSS_ORG_ACCESS", "severity": "MEDIUM", "user_id": 1, "company_id": 999, "timestamp": "2025-11-04T05:03:30.275364", "details": {"action": "test_action"}, "ip_address": null, "user_agent": null}
{"event_type": "CROSS_ORG_ACCESS", "severity": "HIGH", "user_id": 1, "company_id": 999, "timestamp": "2025-11-04T05:03:30.281699", "details": {"action": "test_action"}, "ip_address": null, "user_agent": null}
{"event_type": "ROLE_ATTEMPT", "severity": "MEDIUM", "user_id": 1, "company_id": null, "timestamp": "2025-11-04T05:19:18.436686", "details": {"target_user_id": 1, "attempted_role": "EMPLOYEE", "action": "downgrade_superadmin"}, "ip_address": null, "user_agent": null}
{"event_type": "AUTH_FAILURE", "severity": "LOW", "user_id": 1, "company_id": null, "timestamp": "2025-11-04T05:21:51.873931", "details": {"reason": "invalid_password"}, "ip_address": null, "user_agent": null}
{"event_type": "AUTH_FAILURE", "severity": "LOW", "user_id": 1, "company_id": null, "timestamp": "2025-11-04T05:21:53.127496", "details": {"attempt": 1}, "ip_address": null, "user_agent": null}
{"event_type": "AUTH_FAILURE", "severity": "LOW", "user_id": 1, "company_id": null, "timestamp": "2025-11-04T05:21:53.140927", "details": {"attempt": 2}, "ip_address": null, "user_agent": null}
{"event_type": "AUTH_FAILURE", "severity": "LOW", "user_id": 1, "company_id": null, "timestamp": "2025-11-04T05:21:53.146510", "details": {"attempt": 3}, "ip_address": null, "user_agent": null}
{"event_type": "AUTH_FAILURE", "severity": "LOW", "user_id": 1, "company_id": null, "timestamp": "2025-11-04T05:21:53.156194", "details": {"attempt": 4}, "ip_address": null, "user_agent": null}
{"event_type": "LOCKOUT", "severity": "MEDIUM", "user_id": 1, "company_id": null, "timestamp": "2025-11-04T05:21:53.175950", "details": {"reason": "Too many failed login attempts (5)", "locked_until": "2025-11-04T05:36:53.169814"}, "ip_address": null, "user_agent": null}
{"event_type": "AUTH_FAILURE", "severity": "HIGH", "user_id": 1, "company_id": null, "timestamp": "2025-11-04T05:21:53.179627", "details": {"attempt": 5}, "ip_address": null, "user_agent": null}
{"event_type": "LOCKOUT", "severity": "MEDIUM", "user_id": 1, "company_id": null, "timestamp": "2025-11-04T05:21:54.556904", "details": {"reason": "Test lockout", "locked_until": "2025-11-04T05:36:54.542427"}, "ip_address": null, "user_agent": null}
{"event_type": "LOCKOUT", "severity": "LOW", "user_id": 1, "company_id": null, "timestamp": "2025-11-04T05:21:54.588446", "details": {"action": "unlocked", "unlocked_by": 2}, "ip_address": null, "user_agent": null}
{"event_type": "ADMIN_IMPERSONATION", "severity": "HIGH", "user_id": 1, "company_id": null, "timestamp": "2025-11-04T05:21:57.078574", "details": {"target_user_id": 2, "action": "attempted_impersonation"}, "ip_address": null, "user_agent": null}
{"event_type": "CROSS_ORG_ACCESS", "severity": "MEDIUM", "user_id": 1, "company_id": 999, "timestamp": "2025-11-04T05:21:58.942623", "details": {"action": "view_company_data", "resource": "sensitive_data"}, "ip_address": null, "user_agent": null}
{"event_type": "ROLE_ATTEMPT", "severity": "MEDIUM", "user_id": 1, "company_id": null, "timestamp": "2025-11-04T05:21:59.774795", "details": {"target_user_id": 1, "attempted_role": "EMPLOYEE", "action": "downgrade_superadmin"}, "ip_address": null, "user_agent": null}
{"event_type": "AUTH_FAILURE", "severity": "HIGH", "user_id": 1, "company_id": null, "timestamp": "2025-11-04T05:22:00.645642", "details": {}, "ip_address": null, "user_agent": null}
{"event_type": "CROSS_ORG_ACCESS", "severity": "MEDIUM", "user_id": 1, "company_id": null, "timestamp": "2025-11-04T05:22:00.650231", "details": {}, "ip_address": null, "user_agent": null}
{"event_type": "AUTH_FAILURE", "severity": "LOW", "user_id": 1, "company_id": null, "timestamp": "2025-11-04T05:22:02.210102", "details": {}, "ip_address": null, "user_agent": null}
{"event_type": "AUTH_FAILURE", "severity": "LOW", "user_id": 1, "company_id": null, "timestamp": "2025-11-04T05:22:02.215862", "details": {}, "ip_address": null, "user_agent": null}
{"event_type": "AUTH_FAILURE", "severity": "LOW", "user_id": 1, "company_id": null, "timestamp": "2025-11-04T05:22:02.226257", "details": {}, "ip_address": null, "user_agent": null}
{"event_type": "AUTH_FAILURE", "severity": "LOW", "user_id": 1, "company_id": null, "timestamp": "2025-11-04T05:22:02.231343", "details": {}, "ip_address": null, "user_agent": null}
{"event_type": "LOCKOUT", "severity": "MEDIUM", "user_id": 1, "company_id": null, "timestamp": "2025-11-04T05:22:02.246170", "details": {"reason": "Too many failed login attempts (5)", "locked_until": "2025-11-04T05:37:02.242513"}, "ip_address": null, "user_agent": null}
{"event_type": "AUTH_FAILURE", "severity": "HIGH", "user_id": 1, "company_id": null, "timestamp": "2025-11-04T05:22:02.249191", "details": {}, "ip_address": null, "user_agent": null}
{"event_type": "CROSS_ORG_ACCESS", "severity": "MEDIUM", "user_id": 1, "company_id": 999, "timestamp": "2025-11-04T05:22:03.099047", "details": {"action": "test_action"}, "ip_address": null, "user_agent": null}
{"event_type": "CROSS_ORG_ACCESS", "severity": "MEDIUM", "user_id": 1, "company_id": 999, "timestamp": "2025-11-04T05:22:03.111967", "details": {"action": "test_action"}, "ip_address": null, "user_agent": null}
{"event_type": "CROSS_ORG_ACCESS", "severity": "HIGH", "user_id": 1, "company_id": 999, "timestamp": "2025-11-04T05:22:03.117177", "details": {"action": "test_action"}, "ip_address": null, "user_agent": null}
{"event_type": "AUTH_FAILURE", "severity": "LOW", "user_id": 1, "company_id": null, "timestamp": "2025-11-04T05:24:44.870424", "details": {"reason": "invalid_password"}, "ip_address": null, "user_agent": null}
{"event_type": "AUTH_FAILURE", "severity": "LOW", "user_id": 1, "company_id": null, "timestamp": "2025-11-04T05:24:46.002803", "details": {"attempt": 1}, "ip_address": null, "user_agent": null}
{"event_type": "AUTH_FAILURE", "severity": "LOW", "user_id": 1, "company_id": null, "timestamp": "2025-11-04T05:24:46.010873", "details": {"attempt": 2}, "ip_address": null, "user_agent": null}
{"event_type": "AUTH_FAILURE", "severity": "LOW", "user_id": 1, "company_id": null, "timestamp": "2025-11-04T05:24:46.017367", "details": {"attempt": 3}, "ip_address": null, "user_agent": null}
{"event_type": "AUTH_FAILURE", "severity": "LOW", "user_id": 1, "company_id": null, "timestamp": "2025-11-04T05:24:46.025986", "details": {"attempt": 4}, "ip_address": null, "user_agent": null}
{"event_type": "LOCKOUT", "severity": "MEDIUM", "user_id": 1, "company_id": null, "timestamp": "2025-11-04T05:24:46.043635", "details": {"reason": "Too many failed login attempts (5)", "locked_until": "2025-11-04T05:39:46.034969"}, "ip_address": null, "user_agent": null}
{"event_type": "AUTH_FAILURE", "severity": "HIGH", "user_id": 1, "company_id": null, "timestamp": "2025-11-04T05:24:46.047759", "details": {"attempt": 5}, "ip_address": null, "user_agent": null}
{"event_type": "LOCKOUT", "severity": "MEDIUM", "user_id": 1, "company_id": null, "timestamp": "2025-11-04T05:24:47.443961", "details": {"reason": "Test lockout", "locked_until": "2025-11-04T05:39:47.435361"}, "ip_address": null, "user_agent": null}
{"event_type": "LOCKOUT", "severity": "LOW", "user_id": 1, "company_id": null, "timestamp": "2025-11-04T05:24:47.458591", "details": {"action": "unlocked", "unlocked_by": 2}, "ip_address": null, "user_agent": null}
{"event_type": "ADMIN_IMPERSONATION", "severity": "HIGH", "user_id": 1, "company_id": null, "timestamp": "2025-11-04T05:24:49.676121", "details": {"target_user_id": 2, "action": "attempted_impersonation"}, "ip_address": null, "user_agent": null}
{"event_type": "CROSS_ORG_ACCESS", "severity": "MEDIUM", "user_id": 1, "company_id": 999, "timestamp": "2025-11-04T05:24:51.843276", "details": {"action": "view_company_data", "resource": "sensitive_data"}, "ip_address": null, "user_agent": null}
{"event_type": "ROLE_ATTEMPT", "severity": "MEDIUM", "user_id": 1, "company_id": null, "timestamp": "2025-11-04T05:24:52.755818", "details": {"target_user_id": 1, "attempted_role": "EMPLOYEE", "action": "downgrade_superadmin"}, "ip_address": null, "user_agent": null}
{"event_type": "AUTH_FAILURE", "severity": "HIGH", "user_id": 1, "company_id": null, "timestamp": "2025-11-04T05:24:53.475348", "details": {}, "ip_address": null, "user_agent": null}
{"event_type": "CROSS_ORG_ACCESS", "severity": "MEDIUM", "user_id": 1, "company_id": null, "timestamp": "2025-11-04T05:24:53.480236", "details": {}, "ip_address": null, "user_agent": null}
{"event_type": "AUTH_FAILURE", "severity": "LOW", "user_id": 1, "company_id": null, "timestamp": "2025-11-04T05:24:54.452411", "details": {}, "ip_address": null, "user_agent": null}
{"event_type": "AUTH_FAILURE", "severity": "LOW", "user_id": 1, "company_id": null, "timestamp": "2025-11-04T05:24:54.462091", "details": {}, "ip_address": null, "user_agent": null}
{"event_type": "AUTH_FAILURE", "severity": "LOW", "user_id": 1, "company_id": null, "timestamp": "2025-11-04T05:24:54.469685", "details": {}, "ip_address": null, "user_agent": null}
{"event_type": "AUTH_FAILURE", "severity": "LOW", "user_id": 1, "company_id": null, "timestamp": "2025-11-04T05:24:54.483880", "details": {}, "ip_address": null, "user_agent": null}
{"event_type": "LOCKOUT", "severity": "MEDIUM", "user_id": 1, "company_id": null, "timestamp": "2025-11-04T05:24:54.532859", "details": {"reason": "Too many failed login attempts (5)", "locked_until": "2025-11-04T05:39:54.502435"}, "ip_address": null, "user_agent": null}
{"event_type": "AUTH_FAILURE", "severity": "HIGH", "user_id": 1, "company_id": null, "timestamp": "2025-11-04T05:24:54.538154", "details": {}, "ip_address": null, "user_agent": null}
{"event_type": "CROSS_ORG_ACCESS", "severity": "MEDIUM", "user_id": 1, "company_id": 999, "timestamp": "2025-11-04T05:24:55.478209", "details": {"action": "test_action"}, "ip_address": null, "user_agent": null}
{"event_type": "CROSS_ORG_ACCESS", "severity": "MEDIUM", "user_id": 1, "company_id": 999, "timestamp": "2025-11-04T05:24:55.486898", "details": {"action": "test_action"}, "ip_address": null, "user_agent": null}
{"event_type": "CROSS_ORG_ACCESS", "severity": "HIGH", "user_id": 1, "company_id": 999, "timestamp": "2025-11-04T05:24:55.495832", "details": {"action": "test_action"}, "ip_address": null, "user_agent": null}
{"event_type": "LOCKOUT", "severity": "MEDIUM", "user_id": 1, "company_id": null, "timestamp": "2025-11-04T05:39:38.232143", "details": {"reason": "Test lockout", "locked_until": "2025-11-04T05:54:38.221655"}, "ip_address": null, "user_agent": null}
{"event_type": "LOCKOUT", "severity": "LOW", "user_id": 1, "company_id": null, "timestamp": "2025-11-04T05:39:38.244386", "details": {"action": "unlocked", "unlocked_by": 2}, "ip_address": null, "user_agent": null}
{"event_type": "AUTH_FAILURE", "severity": "LOW", "user_id": 1, "company_id": null, "timestamp": "2025-11-04T05:41:50.563528", "details": {"reason": "invalid_password"}, "ip_address": null, "user_agent": null}
{"event_type": "AUTH_FAILURE", "severity": "LOW", "user_id": 1, "company_id": null, "timestamp": "2025-11-04T05:41:51.843371", "details": {"attempt": 1}, "ip_address": null, "user_agent": null}
{"event_type": "AUTH_FAILURE", "severity": "LOW", "user_id": 1, "company_id": null, "timestamp": "2025-11-04T05:41:51.850000", "details": {"attempt": 2}, "ip_address": null, "user_agent": null}
{"event_type": "AUTH_FAILURE", "severity": "LOW", "user_id": 1, "company_id": null, "timestamp": "2025-11-04T05:41:51.857438", "details": {"attempt": 3}, "ip_address": null, "user_agent": null}
{"event_type": "AUTH_FAILURE", "severity": "LOW", "user_id": 1, "company_id": null, "timestamp": "2025-11-04T05:41:51.865662", "details": {"attempt": 4}, "ip_address": null, "user_agent": null}
{"event_type": "LOCKOUT", "severity": "MEDIUM", "user_id": 1, "company_id": null, "timestamp": "2025-11-04T05:41:51.883943", "details": {"reason": "Too many failed login attempts (5)", "locked_until": "2025-11-04T05:56:51.877907"}, "ip_address": null, "user_agent": null}
{"event_type": "AUTH_FAILURE", "severity": "HIGH", "user_id": 1, "company_id": null, "timestamp": "2025-11-04T05:41:51.887609", "details": {"attempt": 5}, "ip_address": null, "user_agent": null}
{"event_type": "LOCKOUT", "severity": "MEDIUM", "user_id": 1, "company_id": null, "timestamp": "2025-11-04T05:41:53.734283", "details": {"reason": "Test lockout", "locked_until": "2025-11-04T05:56:53.725402"}, "ip_address": null, "user_agent": null}
{"event_type": "LOCKOUT", "severity": "LOW", "user_id": 1, "company_id": null, "timestamp": "2025-11-04T05:41:53.752934", "details": {"action": "unlocked", "unlocked_by": 2}, "ip_address": null, "user_agent": null}
{"event_type": "ADMIN_IMPERSONATION", "severity": "HIGH", "user_id": 1, "company_id": null, "timestamp": "2025-11-04T05:41:55.885498", "details": {"target_user_id": 2, "action": "attempted_impersonation"}, "ip_address": null, "user_agent": null}
{"event_type": "CROSS_ORG_ACCESS", "severity": "MEDIUM", "user_id": 1, "company_id": 999, "timestamp": "2025-11-04T05:41:57.945490", "details": {"action": "view_company_data", "resource": "sensitive_data"}, "ip_address": null, "user_agent": null}
{"event_type": "ROLE_ATTEMPT", "severity": "MEDIUM", "user_id": 1, "company_id": null, "timestamp": "2025-11-04T05:41:58.793115", "details": {"target_user_id": 1, "attempted_role": "EMPLOYEE", "action": "downgrade_superadmin"}, "ip_address": null, "user_agent": null}
{"event_type": "AUTH_FAILURE", "severity": "HIGH", "user_id": 1, "company_id": null, "timestamp": "2025-11-04T05:41:59.648366", "details": {}, "ip_address": null, "user_agent": null}
{"event_type": "CROSS_ORG_ACCESS", "severity": "MEDIUM", "user_id": 1, "company_id": null, "timestamp": "2025-11-04T05:41:59.658369", "details": {}, "ip_address": null, "user_agent": null}
{"event_type": "AUTH_FAILURE", "severity": "LOW", "user_id": 1, "company_id": null, "timestamp": "2025-11-04T05:42:00.593023", "details": {}, "ip_address": null, "user_agent": null}
{"event_type": "AUTH_FAILURE", "severity": "LOW", "user_id": 1, "company_id": null, "timestamp": "2025-11-04T05:42:00.603951", "details": {}, "ip_address": null, "user_agent": null}
{"event_type": "AUTH_FAILURE", "severity": "LOW", "user_id": 1, "company_id": null, "timestamp": "2025-11-04T05:42:00.610691", "details": {}, "ip_address": null, "user_agent": null}
{"event_type": "AUTH_FAILURE", "severity": "LOW", "user_id": 1, "company_id": null, "timestamp": "2025-11-04T05:42:00.622764", "details": {}, "ip_address": null, "user_agent": null}
{"event_type": "LOCKOUT", "severity": "MEDIUM", "user_id": 1, "company_id": null, "timestamp": "2025-11-04T05:42:00.639669", "details": {"reason": "Too many failed login attempts (5)", "locked_until": "2025-11-04T05:57:00.630024"}, "ip_address": null, "user_agent": null}
{"event_type": "AUTH_FAILURE", "severity": "HIGH", "user_id": 1, "company_id": null, "timestamp": "2025-11-04T05:42:00.643159", "details": {}, "ip_address": null, "user_agent": null}
{"event_type": "CROSS_ORG_ACCESS", "severity": "MEDIUM", "user_id": 1, "company_id": 999, "timestamp": "2025-11-04T05:42:01.723390", "details": {"action": "test_action"}, "ip_address": null, "user_agent": null}
{"event_type": "CROSS_ORG_ACCESS", "severity": "MEDIUM", "user_id": 1, "company_id": 999, "timestamp": "2025-11-04T05:42:01.737665", "details": {"action": "test_action"}, "ip_address": null, "user_agent": null}
{"event_type": "CROSS_ORG_ACCESS", "severity": "HIGH", "user_id": 1, "company_id": 999, "timestamp": "2025-11-04T05:42:01.743411", "details": {"action": "test_action"}, "ip_address": null, "user_agent": null}
