
> workforce-web-app@0.1.0 start
> react-scripts start

(node:4400) [DEP_WEBPACK_DEV_SERVER_ON_AFTER_SETUP_MIDDLEWARE] DeprecationWarning: 'onAfterSetupMiddleware' option is deprecated. Please use the 'setupMiddlewares' option.
(Use `node --trace-deprecation ...` to show where the warning was created)
(node:4400) [DEP_WEBPACK_DEV_SERVER_ON_BEFORE_SETUP_MIDDLEWARE] DeprecationWarning: 'onBeforeSetupMiddleware' option is deprecated. Please use the 'setupMiddlewares' option.
Starting the development server...

Compiled with warnings.

[eslint] 
src/components/EditProfileForm_linear.jsx
  Line 6:3:  'MapPinIcon' is defined but never used        no-unused-vars
  Line 8:3:  'CalendarDaysIcon' is defined but never used  no-unused-vars

src/components/ProfileCard_linear.jsx
  Line 43:9:  'getRoleColor' is assigned a value but never used  no-unused-vars

src/components/ProfileDetails_linear.jsx
  Line 16:3:  'EyeIcon' is defined but never used       no-unused-vars
  Line 17:3:  'EyeSlashIcon' is defined but never used  no-unused-vars

src/pages/Leave.jsx
  Line 125:9:  'getStatusIcon' is assigned a value but never used  no-unused-vars

src/pages/Login.jsx
  Line 3:10:  'theme' is defined but never used   no-unused-vars
  Line 5:8:   'Footer' is defined but never used  no-unused-vars

src/pages/Profile.jsx
  Line 7:3:   'ShareIcon' is defined but never used  no-unused-vars
  Line 12:3:  'EyeIcon' is defined but never used    no-unused-vars

src/pages/Profile_professional.jsx
  Line 9:3:   'IconButton' is defined but never used  no-unused-vars
  Line 29:3:  'ShareIcon' is defined but never used   no-unused-vars
  Line 45:3:  'BellIcon' is defined but never used    no-unused-vars

src/pages/Signup.jsx
  Line 3:10:  'theme' is defined but never used   no-unused-vars
  Line 4:8:   'Footer' is defined but never used  no-unused-vars

src/pages/SuperAdminApprovals.jsx
  Line 7:17:  'authUser' is assigned a value but never used  no-unused-vars

src/pages/Tasks.jsx
  Line 97:9:  'getStatusColor' is assigned a value but never used  no-unused-vars

Search for the keywords to learn more about each warning.
To ignore, add // eslint-disable-next-line to the line before.

WARNING in [eslint] 
src/components/EditProfileForm_linear.jsx
  Line 6:3:  'MapPinIcon' is defined but never used        no-unused-vars
  Line 8:3:  'CalendarDaysIcon' is defined but never used  no-unused-vars

src/components/ProfileCard_linear.jsx
  Line 43:9:  'getRoleColor' is assigned a value but never used  no-unused-vars

src/components/ProfileDetails_linear.jsx
  Line 16:3:  'EyeIcon' is defined but never used       no-unused-vars
  Line 17:3:  'EyeSlashIcon' is defined but never used  no-unused-vars

src/pages/Leave.jsx
  Line 125:9:  'getStatusIcon' is assigned a value but never used  no-unused-vars

src/pages/Login.jsx
  Line 3:10:  'theme' is defined but never used   no-unused-vars
  Line 5:8:   'Footer' is defined but never used  no-unused-vars

src/pages/Profile.jsx
  Line 7:3:   'ShareIcon' is defined but never used  no-unused-vars
  Line 12:3:  'EyeIcon' is defined but never used    no-unused-vars

src/pages/Profile_professional.jsx
  Line 9:3:   'IconButton' is defined but never used  no-unused-vars
  Line 29:3:  'ShareIcon' is defined but never used   no-unused-vars
  Line 45:3:  'BellIcon' is defined but never used    no-unused-vars

src/pages/Signup.jsx
  Line 3:10:  'theme' is defined but never used   no-unused-vars
  Line 4:8:   'Footer' is defined but never used  no-unused-vars

src/pages/SuperAdminApprovals.jsx
  Line 7:17:  'authUser' is assigned a value but never used  no-unused-vars

src/pages/Tasks.jsx
  Line 97:9:  'getStatusColor' is assigned a value but never used  no-unused-vars

webpack compiled with 1 warning
Proxy error: Could not proxy request /main.46b730f6d682e92682b3.hot-update.json from localhost:3000 to http://127.0.0.1:8000.
See https://nodejs.org/api/errors.html#errors_common_system_errors for more information (ECONNREFUSED).

Compiling...
Compiled with warnings.

[eslint] 
src/components/EditProfileForm_linear.jsx
  Line 6:3:  'MapPinIcon' is defined but never used        no-unused-vars
  Line 8:3:  'CalendarDaysIcon' is defined but never used  no-unused-vars

src/components/ProfileCard_linear.jsx
  Line 43:9:  'getRoleColor' is assigned a value but never used  no-unused-vars

src/components/ProfileDetails_linear.jsx
  Line 16:3:  'EyeIcon' is defined but never used       no-unused-vars
  Line 17:3:  'EyeSlashIcon' is defined but never used  no-unused-vars

src/pages/Leave.jsx
  Line 125:9:  'getStatusIcon' is assigned a value but never used  no-unused-vars

src/pages/Login.jsx
  Line 3:10:  'theme' is defined but never used   no-unused-vars
  Line 5:8:   'Footer' is defined but never used  no-unused-vars

src/pages/Profile.jsx
  Line 7:3:   'ShareIcon' is defined but never used  no-unused-vars
  Line 12:3:  'EyeIcon' is defined but never used    no-unused-vars

src/pages/Profile_professional.jsx
  Line 9:3:   'IconButton' is defined but never used  no-unused-vars
  Line 29:3:  'ShareIcon' is defined but never used   no-unused-vars
  Line 45:3:  'BellIcon' is defined but never used    no-unused-vars

src/pages/Signup.jsx
  Line 3:10:  'theme' is defined but never used   no-unused-vars
  Line 4:8:   'Footer' is defined but never used  no-unused-vars

src/pages/SuperAdminApprovals.jsx
  Line 7:17:  'authUser' is assigned a value but never used  no-unused-vars

src/pages/Tasks.jsx
  Line 97:9:  'getStatusColor' is assigned a value but never used  no-unused-vars

Search for the keywords to learn more about each warning.
To ignore, add // eslint-disable-next-line to the line before.

WARNING in [eslint] 
src/components/EditProfileForm_linear.jsx
  Line 6:3:  'MapPinIcon' is defined but never used        no-unused-vars
  Line 8:3:  'CalendarDaysIcon' is defined but never used  no-unused-vars

src/components/ProfileCard_linear.jsx
  Line 43:9:  'getRoleColor' is assigned a value but never used  no-unused-vars

src/components/ProfileDetails_linear.jsx
  Line 16:3:  'EyeIcon' is defined but never used       no-unused-vars
  Line 17:3:  'EyeSlashIcon' is defined but never used  no-unused-vars

src/pages/Leave.jsx
  Line 125:9:  'getStatusIcon' is assigned a value but never used  no-unused-vars

src/pages/Login.jsx
  Line 3:10:  'theme' is defined but never used   no-unused-vars
  Line 5:8:   'Footer' is defined but never used  no-unused-vars

src/pages/Profile.jsx
  Line 7:3:   'ShareIcon' is defined but never used  no-unused-vars
  Line 12:3:  'EyeIcon' is defined but never used    no-unused-vars

src/pages/Profile_professional.jsx
  Line 9:3:   'IconButton' is defined but never used  no-unused-vars
  Line 29:3:  'ShareIcon' is defined but never used   no-unused-vars
  Line 45:3:  'BellIcon' is defined but never used    no-unused-vars

src/pages/Signup.jsx
  Line 3:10:  'theme' is defined but never used   no-unused-vars
  Line 4:8:   'Footer' is defined but never used  no-unused-vars

src/pages/SuperAdminApprovals.jsx
  Line 7:17:  'authUser' is assigned a value but never used  no-unused-vars

src/pages/Tasks.jsx
  Line 97:9:  'getStatusColor' is assigned a value but never used  no-unused-vars

webpack compiled with 1 warning
Failed to compile.

Error: ENOENT: no such file or directory, open '/Users/mithunsuresh/Documents/workforce-app/frontend-web/web-app/node_modules/@material-tailwind/react/index.js'
WARNING in [eslint] 
src/components/EditProfileForm_linear.jsx
  Line 6:3:  'MapPinIcon' is defined but never used        no-unused-vars
  Line 8:3:  'CalendarDaysIcon' is defined but never used  no-unused-vars

src/components/ProfileCard_linear.jsx
  Line 43:9:  'getRoleColor' is assigned a value but never used  no-unused-vars

src/components/ProfileDetails_linear.jsx
  Line 16:3:  'EyeIcon' is defined but never used       no-unused-vars
  Line 17:3:  'EyeSlashIcon' is defined but never used  no-unused-vars

src/pages/Leave.jsx
  Line 125:9:  'getStatusIcon' is assigned a value but never used  no-unused-vars

src/pages/Login.jsx
  Line 3:10:  'theme' is defined but never used   no-unused-vars
  Line 5:8:   'Footer' is defined but never used  no-unused-vars

src/pages/Profile.jsx
  Line 7:3:   'ShareIcon' is defined but never used  no-unused-vars
  Line 12:3:  'EyeIcon' is defined but never used    no-unused-vars

src/pages/Profile_professional.jsx
  Line 9:3:   'IconButton' is defined but never used  no-unused-vars
  Line 29:3:  'ShareIcon' is defined but never used   no-unused-vars
  Line 45:3:  'BellIcon' is defined but never used    no-unused-vars

src/pages/Signup.jsx
  Line 3:10:  'theme' is defined but never used   no-unused-vars
  Line 4:8:   'Footer' is defined but never used  no-unused-vars

src/pages/SuperAdminApprovals.jsx
  Line 7:17:  'authUser' is assigned a value but never used  no-unused-vars

src/pages/Tasks.jsx
  Line 97:9:  'getStatusColor' is assigned a value but never used  no-unused-vars

ERROR in ./node_modules/@material-tailwind/react/index.js
Module build failed (from ./node_modules/source-map-loader/dist/cjs.js):
Error: ENOENT: no such file or directory, open '/Users/mithunsuresh/Documents/workforce-app/frontend-web/web-app/node_modules/@material-tailwind/react/index.js'

webpack compiled with 1 error and 1 warning
Compiling...
Failed to compile.

Error: ENOENT: no such file or directory, open '/Users/mithunsuresh/Documents/workforce-app/frontend-web/web-app/node_modules/@material-tailwind/react/index.js'
WARNING in [eslint] 
src/components/EditProfileForm_linear.jsx
  Line 6:3:  'MapPinIcon' is defined but never used        no-unused-vars
  Line 8:3:  'CalendarDaysIcon' is defined but never used  no-unused-vars

src/components/ProfileCard_linear.jsx
  Line 43:9:  'getRoleColor' is assigned a value but never used  no-unused-vars

src/components/ProfileDetails_linear.jsx
  Line 16:3:  'EyeIcon' is defined but never used       no-unused-vars
  Line 17:3:  'EyeSlashIcon' is defined but never used  no-unused-vars

src/pages/Leave.jsx
  Line 125:9:  'getStatusIcon' is assigned a value but never used  no-unused-vars

src/pages/Login.jsx
  Line 3:10:  'theme' is defined but never used   no-unused-vars
  Line 5:8:   'Footer' is defined but never used  no-unused-vars

src/pages/Profile.jsx
  Line 7:3:   'ShareIcon' is defined but never used  no-unused-vars
  Line 12:3:  'EyeIcon' is defined but never used    no-unused-vars

src/pages/Profile_professional.jsx
  Line 9:3:   'IconButton' is defined but never used  no-unused-vars
  Line 29:3:  'ShareIcon' is defined but never used   no-unused-vars
  Line 45:3:  'BellIcon' is defined but never used    no-unused-vars

src/pages/Signup.jsx
  Line 3:10:  'theme' is defined but never used   no-unused-vars
  Line 4:8:   'Footer' is defined but never used  no-unused-vars

src/pages/SuperAdminApprovals.jsx
  Line 7:17:  'authUser' is assigned a value but never used  no-unused-vars

src/pages/Tasks.jsx
  Line 97:9:  'getStatusColor' is assigned a value but never used  no-unused-vars

ERROR in ./node_modules/@material-tailwind/react/index.js
Module build failed (from ./node_modules/source-map-loader/dist/cjs.js):
Error: ENOENT: no such file or directory, open '/Users/mithunsuresh/Documents/workforce-app/frontend-web/web-app/node_modules/@material-tailwind/react/index.js'

webpack compiled with 1 error and 1 warning
Compiling...
Failed to compile.

Error: ENOENT: no such file or directory, open '/Users/mithunsuresh/Documents/workforce-app/frontend-web/web-app/node_modules/@material-tailwind/react/index.js'
WARNING in [eslint] 
src/components/EditProfileForm_linear.jsx
  Line 6:3:  'MapPinIcon' is defined but never used        no-unused-vars
  Line 8:3:  'CalendarDaysIcon' is defined but never used  no-unused-vars

src/components/ProfileCard_linear.jsx
  Line 43:9:  'getRoleColor' is assigned a value but never used  no-unused-vars

src/components/ProfileDetails_linear.jsx
  Line 16:3:  'EyeIcon' is defined but never used       no-unused-vars
  Line 17:3:  'EyeSlashIcon' is defined but never used  no-unused-vars

src/pages/Leave.jsx
  Line 125:9:  'getStatusIcon' is assigned a value but never used  no-unused-vars

src/pages/Login.jsx
  Line 3:10:  'theme' is defined but never used   no-unused-vars
  Line 5:8:   'Footer' is defined but never used  no-unused-vars

src/pages/Profile.jsx
  Line 7:3:   'ShareIcon' is defined but never used  no-unused-vars
  Line 12:3:  'EyeIcon' is defined but never used    no-unused-vars

src/pages/Profile_professional.jsx
  Line 9:3:   'IconButton' is defined but never used  no-unused-vars
  Line 29:3:  'ShareIcon' is defined but never used   no-unused-vars
  Line 45:3:  'BellIcon' is defined but never used    no-unused-vars

src/pages/Signup.jsx
  Line 3:10:  'theme' is defined but never used   no-unused-vars
  Line 4:8:   'Footer' is defined but never used  no-unused-vars

src/pages/SuperAdminApprovals.jsx
  Line 7:17:  'authUser' is assigned a value but never used  no-unused-vars

src/pages/Tasks.jsx
  Line 97:9:  'getStatusColor' is assigned a value but never used  no-unused-vars

ERROR in ./node_modules/@material-tailwind/react/index.js
Module build failed (from ./node_modules/source-map-loader/dist/cjs.js):
Error: ENOENT: no such file or directory, open '/Users/mithunsuresh/Documents/workforce-app/frontend-web/web-app/node_modules/@material-tailwind/react/index.js'

ERROR in [eslint] 
src/components/DashboardCharts.jsx
  Line 56:10:   'Spinner' is not defined     react/jsx-no-undef
  Line 57:10:   'Typography' is not defined  react/jsx-no-undef
  Line 65:10:   'Alert' is not defined       react/jsx-no-undef
  Line 66:12:   'Typography' is not defined  react/jsx-no-undef
  Line 67:12:   'Typography' is not defined  react/jsx-no-undef
  Line 108:8:   'Card' is not defined        react/jsx-no-undef
  Line 109:10:  'CardBody' is not defined    react/jsx-no-undef
  Line 110:12:  'Typography' is not defined  react/jsx-no-undef
  Line 141:18:  'Typography' is not defined  react/jsx-no-undef
  Line 147:12:  'Typography' is not defined  react/jsx-no-undef
  Line 154:8:   'Card' is not defined        react/jsx-no-undef
  Line 155:10:  'CardBody' is not defined    react/jsx-no-undef
  Line 156:12:  'Typography' is not defined  react/jsx-no-undef
  Line 178:18:  'Typography' is not defined  react/jsx-no-undef
  Line 184:12:  'Typography' is not defined  react/jsx-no-undef

Search for the keywords to learn more about each error.

webpack compiled with 2 errors and 1 warning
Compiling...
Failed to compile.

Error: ENOENT: no such file or directory, open '/Users/mithunsuresh/Documents/workforce-app/frontend-web/web-app/node_modules/@material-tailwind/react/index.js'
WARNING in [eslint] 
src/components/EditProfileForm_linear.jsx
  Line 6:3:  'MapPinIcon' is defined but never used        no-unused-vars
  Line 8:3:  'CalendarDaysIcon' is defined but never used  no-unused-vars

src/components/ProfileCard_linear.jsx
  Line 43:9:  'getRoleColor' is assigned a value but never used  no-unused-vars

src/components/ProfileDetails_linear.jsx
  Line 16:3:  'EyeIcon' is defined but never used       no-unused-vars
  Line 17:3:  'EyeSlashIcon' is defined but never used  no-unused-vars

src/pages/Leave.jsx
  Line 125:9:  'getStatusIcon' is assigned a value but never used  no-unused-vars

src/pages/Login.jsx
  Line 3:10:  'theme' is defined but never used   no-unused-vars
  Line 5:8:   'Footer' is defined but never used  no-unused-vars

src/pages/Profile.jsx
  Line 7:3:   'ShareIcon' is defined but never used  no-unused-vars
  Line 12:3:  'EyeIcon' is defined but never used    no-unused-vars

src/pages/Profile_professional.jsx
  Line 9:3:   'IconButton' is defined but never used  no-unused-vars
  Line 29:3:  'ShareIcon' is defined but never used   no-unused-vars
  Line 45:3:  'BellIcon' is defined but never used    no-unused-vars

src/pages/Signup.jsx
  Line 3:10:  'theme' is defined but never used   no-unused-vars
  Line 4:8:   'Footer' is defined but never used  no-unused-vars

src/pages/SuperAdminApprovals.jsx
  Line 7:17:  'authUser' is assigned a value but never used  no-unused-vars

src/pages/Tasks.jsx
  Line 97:9:  'getStatusColor' is assigned a value but never used  no-unused-vars

ERROR in ./node_modules/@material-tailwind/react/index.js
Module build failed (from ./node_modules/source-map-loader/dist/cjs.js):
Error: ENOENT: no such file or directory, open '/Users/mithunsuresh/Documents/workforce-app/frontend-web/web-app/node_modules/@material-tailwind/react/index.js'

ERROR in [eslint] 
src/components/DashboardCharts.jsx
  Line 65:10:   'Alert' is not defined       react/jsx-no-undef
  Line 66:12:   'Typography' is not defined  react/jsx-no-undef
  Line 67:12:   'Typography' is not defined  react/jsx-no-undef
  Line 108:8:   'Card' is not defined        react/jsx-no-undef
  Line 109:10:  'CardBody' is not defined    react/jsx-no-undef
  Line 110:12:  'Typography' is not defined  react/jsx-no-undef
  Line 141:18:  'Typography' is not defined  react/jsx-no-undef
  Line 147:12:  'Typography' is not defined  react/jsx-no-undef
  Line 154:8:   'Card' is not defined        react/jsx-no-undef
  Line 155:10:  'CardBody' is not defined    react/jsx-no-undef
  Line 156:12:  'Typography' is not defined  react/jsx-no-undef
  Line 178:18:  'Typography' is not defined  react/jsx-no-undef
  Line 184:12:  'Typography' is not defined  react/jsx-no-undef

Search for the keywords to learn more about each error.

webpack compiled with 2 errors and 1 warning
Compiling...
Failed to compile.

Error: ENOENT: no such file or directory, open '/Users/mithunsuresh/Documents/workforce-app/frontend-web/web-app/node_modules/@material-tailwind/react/index.js'
WARNING in [eslint] 
src/components/EditProfileForm_linear.jsx
  Line 6:3:  'MapPinIcon' is defined but never used        no-unused-vars
  Line 8:3:  'CalendarDaysIcon' is defined but never used  no-unused-vars

src/components/ProfileCard_linear.jsx
  Line 43:9:  'getRoleColor' is assigned a value but never used  no-unused-vars

src/components/ProfileDetails_linear.jsx
  Line 16:3:  'EyeIcon' is defined but never used       no-unused-vars
  Line 17:3:  'EyeSlashIcon' is defined but never used  no-unused-vars

src/pages/Leave.jsx
  Line 125:9:  'getStatusIcon' is assigned a value but never used  no-unused-vars

src/pages/Login.jsx
  Line 3:10:  'theme' is defined but never used   no-unused-vars
  Line 5:8:   'Footer' is defined but never used  no-unused-vars

src/pages/Profile.jsx
  Line 7:3:   'ShareIcon' is defined but never used  no-unused-vars
  Line 12:3:  'EyeIcon' is defined but never used    no-unused-vars

src/pages/Profile_professional.jsx
  Line 9:3:   'IconButton' is defined but never used  no-unused-vars
  Line 29:3:  'ShareIcon' is defined but never used   no-unused-vars
  Line 45:3:  'BellIcon' is defined but never used    no-unused-vars

src/pages/Signup.jsx
  Line 3:10:  'theme' is defined but never used   no-unused-vars
  Line 4:8:   'Footer' is defined but never used  no-unused-vars

src/pages/SuperAdminApprovals.jsx
  Line 7:17:  'authUser' is assigned a value but never used  no-unused-vars

src/pages/Tasks.jsx
  Line 97:9:  'getStatusColor' is assigned a value but never used  no-unused-vars

ERROR in ./node_modules/@material-tailwind/react/index.js
Module build failed (from ./node_modules/source-map-loader/dist/cjs.js):
Error: ENOENT: no such file or directory, open '/Users/mithunsuresh/Documents/workforce-app/frontend-web/web-app/node_modules/@material-tailwind/react/index.js'

ERROR in [eslint] 
src/components/DashboardCharts.jsx
  Line 108:8:   'Card' is not defined        react/jsx-no-undef
  Line 109:10:  'CardBody' is not defined    react/jsx-no-undef
  Line 110:12:  'Typography' is not defined  react/jsx-no-undef
  Line 141:18:  'Typography' is not defined  react/jsx-no-undef
  Line 147:12:  'Typography' is not defined  react/jsx-no-undef
  Line 154:8:   'Card' is not defined        react/jsx-no-undef
  Line 155:10:  'CardBody' is not defined    react/jsx-no-undef
  Line 156:12:  'Typography' is not defined  react/jsx-no-undef
  Line 178:18:  'Typography' is not defined  react/jsx-no-undef
  Line 184:12:  'Typography' is not defined  react/jsx-no-undef

Search for the keywords to learn more about each error.

webpack compiled with 2 errors and 1 warning
Compiling...
Failed to compile.

[eslint] 
src/components/DashboardCharts.jsx
Syntax error: Expected corresponding JSX closing tag for <div>. (150:8) (150:8)
WARNING in [eslint] 
src/components/EditProfileForm_linear.jsx
  Line 6:3:  'MapPinIcon' is defined but never used        no-unused-vars
  Line 8:3:  'CalendarDaysIcon' is defined but never used  no-unused-vars

src/components/ProfileCard_linear.jsx
  Line 43:9:  'getRoleColor' is assigned a value but never used  no-unused-vars

src/components/ProfileDetails_linear.jsx
  Line 16:3:  'EyeIcon' is defined but never used       no-unused-vars
  Line 17:3:  'EyeSlashIcon' is defined but never used  no-unused-vars

src/pages/Leave.jsx
  Line 125:9:  'getStatusIcon' is assigned a value but never used  no-unused-vars

src/pages/Login.jsx
  Line 3:10:  'theme' is defined but never used   no-unused-vars
  Line 5:8:   'Footer' is defined but never used  no-unused-vars

src/pages/Profile.jsx
  Line 7:3:   'ShareIcon' is defined but never used  no-unused-vars
  Line 12:3:  'EyeIcon' is defined but never used    no-unused-vars

src/pages/Profile_professional.jsx
  Line 9:3:   'IconButton' is defined but never used  no-unused-vars
  Line 29:3:  'ShareIcon' is defined but never used   no-unused-vars
  Line 45:3:  'BellIcon' is defined but never used    no-unused-vars

src/pages/Signup.jsx
  Line 3:10:  'theme' is defined but never used   no-unused-vars
  Line 4:8:   'Footer' is defined but never used  no-unused-vars

src/pages/SuperAdminApprovals.jsx
  Line 7:17:  'authUser' is assigned a value but never used  no-unused-vars

src/pages/Tasks.jsx
  Line 97:9:  'getStatusColor' is assigned a value but never used  no-unused-vars

ERROR in ./src/components/DashboardCharts.jsx
Module build failed (from ./node_modules/babel-loader/lib/index.js):
SyntaxError: /Users/mithunsuresh/Documents/workforce-app/frontend-web/web-app/src/components/DashboardCharts.jsx: Expected corresponding JSX closing tag for <div>. (150:8)

  148 |             Click on segments to view tasks by status
  149 |           </Typography>
> 150 |         </CardBody>
      |         ^
  151 |       </Card>
  152 |
  153 |       {/* Reports Chart */}
    at constructor (/Users/mithunsuresh/Documents/workforce-app/frontend-web/web-app/node_modules/@babel/parser/lib/index.js:367:19)
    at FlowParserMixin.raise (/Users/mithunsuresh/Documents/workforce-app/frontend-web/web-app/node_modules/@babel/parser/lib/index.js:6630:19)
    at FlowParserMixin.jsxParseElementAt (/Users/mithunsuresh/Documents/workforce-app/frontend-web/web-app/node_modules/@babel/parser/lib/index.js:4760:16)
    at FlowParserMixin.jsxParseElementAt (/Users/mithunsuresh/Documents/workforce-app/frontend-web/web-app/node_modules/@babel/parser/lib/index.js:4731:32)
    at FlowParserMixin.jsxParseElementAt (/Users/mithunsuresh/Documents/workforce-app/frontend-web/web-app/node_modules/@babel/parser/lib/index.js:4731:32)
    at FlowParserMixin.jsxParseElement (/Users/mithunsuresh/Documents/workforce-app/frontend-web/web-app/node_modules/@babel/parser/lib/index.js:4782:17)
    at FlowParserMixin.parseExprAtom (/Users/mithunsuresh/Documents/workforce-app/frontend-web/web-app/node_modules/@babel/parser/lib/index.js:4792:19)
    at FlowParserMixin.parseExprSubscripts (/Users/mithunsuresh/Documents/workforce-app/frontend-web/web-app/node_modules/@babel/parser/lib/index.js:11085:23)
    at FlowParserMixin.parseUpdate (/Users/mithunsuresh/Documents/workforce-app/frontend-web/web-app/node_modules/@babel/parser/lib/index.js:11070:21)
    at FlowParserMixin.parseMaybeUnary (/Users/mithunsuresh/Documents/workforce-app/frontend-web/web-app/node_modules/@babel/parser/lib/index.js:11050:23)
    at FlowParserMixin.parseMaybeUnaryOrPrivate (/Users/mithunsuresh/Documents/workforce-app/frontend-web/web-app/node_modules/@babel/parser/lib/index.js:10903:61)
    at FlowParserMixin.parseExprOps (/Users/mithunsuresh/Documents/workforce-app/frontend-web/web-app/node_modules/@babel/parser/lib/index.js:10908:23)
    at FlowParserMixin.parseMaybeConditional (/Users/mithunsuresh/Documents/workforce-app/frontend-web/web-app/node_modules/@babel/parser/lib/index.js:10885:23)
    at FlowParserMixin.parseMaybeAssign (/Users/mithunsuresh/Documents/workforce-app/frontend-web/web-app/node_modules/@babel/parser/lib/index.js:10835:21)
    at /Users/mithunsuresh/Documents/workforce-app/frontend-web/web-app/node_modules/@babel/parser/lib/index.js:3531:39
    at FlowParserMixin.tryParse (/Users/mithunsuresh/Documents/workforce-app/frontend-web/web-app/node_modules/@babel/parser/lib/index.js:6938:20)
    at FlowParserMixin.parseMaybeAssign (/Users/mithunsuresh/Documents/workforce-app/frontend-web/web-app/node_modules/@babel/parser/lib/index.js:3531:18)
    at /Users/mithunsuresh/Documents/workforce-app/frontend-web/web-app/node_modules/@babel/parser/lib/index.js:10804:39
    at FlowParserMixin.allowInAnd (/Users/mithunsuresh/Documents/workforce-app/frontend-web/web-app/node_modules/@babel/parser/lib/index.js:12436:12)
    at FlowParserMixin.parseMaybeAssignAllowIn (/Users/mithunsuresh/Documents/workforce-app/frontend-web/web-app/node_modules/@babel/parser/lib/index.js:10804:17)
    at FlowParserMixin.parseMaybeAssignAllowInOrVoidPattern (/Users/mithunsuresh/Documents/workforce-app/frontend-web/web-app/node_modules/@babel/parser/lib/index.js:12503:17)
    at FlowParserMixin.parseParenAndDistinguishExpression (/Users/mithunsuresh/Documents/workforce-app/frontend-web/web-app/node_modules/@babel/parser/lib/index.js:11683:28)
    at FlowParserMixin.parseParenAndDistinguishExpression (/Users/mithunsuresh/Documents/workforce-app/frontend-web/web-app/node_modules/@babel/parser/lib/index.js:3624:18)
    at FlowParserMixin.parseExprAtom (/Users/mithunsuresh/Documents/workforce-app/frontend-web/web-app/node_modules/@babel/parser/lib/index.js:11335:23)
    at FlowParserMixin.parseExprAtom (/Users/mithunsuresh/Documents/workforce-app/frontend-web/web-app/node_modules/@babel/parser/lib/index.js:4797:20)
    at FlowParserMixin.parseExprSubscripts (/Users/mithunsuresh/Documents/workforce-app/frontend-web/web-app/node_modules/@babel/parser/lib/index.js:11085:23)
    at FlowParserMixin.parseUpdate (/Users/mithunsuresh/Documents/workforce-app/frontend-web/web-app/node_modules/@babel/parser/lib/index.js:11070:21)
    at FlowParserMixin.parseMaybeUnary (/Users/mithunsuresh/Documents/workforce-app/frontend-web/web-app/node_modules/@babel/parser/lib/index.js:11050:23)
    at FlowParserMixin.parseMaybeUnaryOrPrivate (/Users/mithunsuresh/Documents/workforce-app/frontend-web/web-app/node_modules/@babel/parser/lib/index.js:10903:61)
    at FlowParserMixin.parseExprOps (/Users/mithunsuresh/Documents/workforce-app/frontend-web/web-app/node_modules/@babel/parser/lib/index.js:10908:23)
    at FlowParserMixin.parseMaybeConditional (/Users/mithunsuresh/Documents/workforce-app/frontend-web/web-app/node_modules/@babel/parser/lib/index.js:10885:23)
    at FlowParserMixin.parseMaybeAssign (/Users/mithunsuresh/Documents/workforce-app/frontend-web/web-app/node_modules/@babel/parser/lib/index.js:10835:21)
    at FlowParserMixin.parseMaybeAssign (/Users/mithunsuresh/Documents/workforce-app/frontend-web/web-app/node_modules/@babel/parser/lib/index.js:3582:18)
    at FlowParserMixin.parseExpressionBase (/Users/mithunsuresh/Documents/workforce-app/frontend-web/web-app/node_modules/@babel/parser/lib/index.js:10788:23)
    at /Users/mithunsuresh/Documents/workforce-app/frontend-web/web-app/node_modules/@babel/parser/lib/index.js:10784:39
    at FlowParserMixin.allowInAnd (/Users/mithunsuresh/Documents/workforce-app/frontend-web/web-app/node_modules/@babel/parser/lib/index.js:12431:16)
    at FlowParserMixin.parseExpression (/Users/mithunsuresh/Documents/workforce-app/frontend-web/web-app/node_modules/@babel/parser/lib/index.js:10784:17)
    at FlowParserMixin.parseReturnStatement (/Users/mithunsuresh/Documents/workforce-app/frontend-web/web-app/node_modules/@babel/parser/lib/index.js:13151:28)
    at FlowParserMixin.parseStatementContent (/Users/mithunsuresh/Documents/workforce-app/frontend-web/web-app/node_modules/@babel/parser/lib/index.js:12807:21)
    at FlowParserMixin.parseStatementLike (/Users/mithunsuresh/Documents/workforce-app/frontend-web/web-app/node_modules/@babel/parser/lib/index.js:12776:17)
    at FlowParserMixin.parseStatementLike (/Users/mithunsuresh/Documents/workforce-app/frontend-web/web-app/node_modules/@babel/parser/lib/index.js:2949:24)
    at FlowParserMixin.parseStatementListItem (/Users/mithunsuresh/Documents/workforce-app/frontend-web/web-app/node_modules/@babel/parser/lib/index.js:12756:17)
    at FlowParserMixin.parseBlockOrModuleBlockBody (/Users/mithunsuresh/Documents/workforce-app/frontend-web/web-app/node_modules/@babel/parser/lib/index.js:13325:61)
    at FlowParserMixin.parseBlockBody (/Users/mithunsuresh/Documents/workforce-app/frontend-web/web-app/node_modules/@babel/parser/lib/index.js:13318:10)
    at FlowParserMixin.parseBlock (/Users/mithunsuresh/Documents/workforce-app/frontend-web/web-app/node_modules/@babel/parser/lib/index.js:13306:10)
    at FlowParserMixin.parseFunctionBody (/Users/mithunsuresh/Documents/workforce-app/frontend-web/web-app/node_modules/@babel/parser/lib/index.js:12110:24)
    at /Users/mithunsuresh/Documents/workforce-app/frontend-web/web-app/node_modules/@babel/parser/lib/index.js:2923:63
    at FlowParserMixin.forwardNoArrowParamsConversionAt (/Users/mithunsuresh/Documents/workforce-app/frontend-web/web-app/node_modules/@babel/parser/lib/index.js:3099:16)
    at FlowParserMixin.parseFunctionBody (/Users/mithunsuresh/Documents/workforce-app/frontend-web/web-app/node_modules/@babel/parser/lib/index.js:2923:12)
    at FlowParserMixin.parseArrowExpression (/Users/mithunsuresh/Documents/workforce-app/frontend-web/web-app/node_modules/@babel/parser/lib/index.js:12085:10)

ERROR in ./node_modules/@material-tailwind/react/index.js
Module build failed (from ./node_modules/source-map-loader/dist/cjs.js):
Error: ENOENT: no such file or directory, open '/Users/mithunsuresh/Documents/workforce-app/frontend-web/web-app/node_modules/@material-tailwind/react/index.js'

ERROR in [eslint] 
src/components/DashboardCharts.jsx
  Line 150:8:  Parsing error: Expected corresponding JSX closing tag for <div>. (150:8)

webpack compiled with 3 errors and 1 warning
Compiling...
Failed to compile.

Error: ENOENT: no such file or directory, open '/Users/mithunsuresh/Documents/workforce-app/frontend-web/web-app/node_modules/@material-tailwind/react/index.js'
WARNING in [eslint] 
src/components/EditProfileForm_linear.jsx
  Line 6:3:  'MapPinIcon' is defined but never used        no-unused-vars
  Line 8:3:  'CalendarDaysIcon' is defined but never used  no-unused-vars

src/components/ProfileCard_linear.jsx
  Line 43:9:  'getRoleColor' is assigned a value but never used  no-unused-vars

src/components/ProfileDetails_linear.jsx
  Line 16:3:  'EyeIcon' is defined but never used       no-unused-vars
  Line 17:3:  'EyeSlashIcon' is defined but never used  no-unused-vars

src/pages/Leave.jsx
  Line 125:9:  'getStatusIcon' is assigned a value but never used  no-unused-vars

src/pages/Login.jsx
  Line 3:10:  'theme' is defined but never used   no-unused-vars
  Line 5:8:   'Footer' is defined but never used  no-unused-vars

src/pages/Profile.jsx
  Line 7:3:   'ShareIcon' is defined but never used  no-unused-vars
  Line 12:3:  'EyeIcon' is defined but never used    no-unused-vars

src/pages/Profile_professional.jsx
  Line 9:3:   'IconButton' is defined but never used  no-unused-vars
  Line 29:3:  'ShareIcon' is defined but never used   no-unused-vars
  Line 45:3:  'BellIcon' is defined but never used    no-unused-vars

src/pages/Signup.jsx
  Line 3:10:  'theme' is defined but never used   no-unused-vars
  Line 4:8:   'Footer' is defined but never used  no-unused-vars

src/pages/SuperAdminApprovals.jsx
  Line 7:17:  'authUser' is assigned a value but never used  no-unused-vars

src/pages/Tasks.jsx
  Line 97:9:  'getStatusColor' is assigned a value but never used  no-unused-vars

ERROR in ./node_modules/@material-tailwind/react/index.js
Module build failed (from ./node_modules/source-map-loader/dist/cjs.js):
Error: ENOENT: no such file or directory, open '/Users/mithunsuresh/Documents/workforce-app/frontend-web/web-app/node_modules/@material-tailwind/react/index.js'

ERROR in [eslint] 
src/components/DashboardCharts.jsx
  Line 141:18:  'Typography' is not defined  react/jsx-no-undef
  Line 147:12:  'Typography' is not defined  react/jsx-no-undef

Search for the keywords to learn more about each error.

webpack compiled with 2 errors and 1 warning
Compiling...
Failed to compile.

Error: ENOENT: no such file or directory, open '/Users/mithunsuresh/Documents/workforce-app/frontend-web/web-app/node_modules/@material-tailwind/react/index.js'
WARNING in [eslint] 
src/components/EditProfileForm_linear.jsx
  Line 6:3:  'MapPinIcon' is defined but never used        no-unused-vars
  Line 8:3:  'CalendarDaysIcon' is defined but never used  no-unused-vars

src/components/ProfileCard_linear.jsx
  Line 43:9:  'getRoleColor' is assigned a value but never used  no-unused-vars

src/components/ProfileDetails_linear.jsx
  Line 16:3:  'EyeIcon' is defined but never used       no-unused-vars
  Line 17:3:  'EyeSlashIcon' is defined but never used  no-unused-vars

src/pages/Leave.jsx
  Line 125:9:  'getStatusIcon' is assigned a value but never used  no-unused-vars

src/pages/Login.jsx
  Line 3:10:  'theme' is defined but never used   no-unused-vars
  Line 5:8:   'Footer' is defined but never used  no-unused-vars

src/pages/Profile.jsx
  Line 7:3:   'ShareIcon' is defined but never used  no-unused-vars
  Line 12:3:  'EyeIcon' is defined but never used    no-unused-vars

src/pages/Profile_professional.jsx
  Line 9:3:   'IconButton' is defined but never used  no-unused-vars
  Line 29:3:  'ShareIcon' is defined but never used   no-unused-vars
  Line 45:3:  'BellIcon' is defined but never used    no-unused-vars

src/pages/Signup.jsx
  Line 3:10:  'theme' is defined but never used   no-unused-vars
  Line 4:8:   'Footer' is defined but never used  no-unused-vars

src/pages/SuperAdminApprovals.jsx
  Line 7:17:  'authUser' is assigned a value but never used  no-unused-vars

src/pages/Tasks.jsx
  Line 97:9:  'getStatusColor' is assigned a value but never used  no-unused-vars

ERROR in ./node_modules/@material-tailwind/react/index.js
Module build failed (from ./node_modules/source-map-loader/dist/cjs.js):
Error: ENOENT: no such file or directory, open '/Users/mithunsuresh/Documents/workforce-app/frontend-web/web-app/node_modules/@material-tailwind/react/index.js'

webpack compiled with 1 error and 1 warning
The build failed because the process exited too early. This probably means the system ran out of memory or someone called `kill -9` on the process.
